[  59262]   WARN - .ExternalResourceManagerExImpl - Cannot find standard resource. filename:/META-INF/tapestry_5_0_0.xsd class=class com.intellij.javaee.ResourceRegistrarImpl, classLoader:null 
[  62901]   WARN - openapi.wm.impl.ToolWindowImpl - ToolWindow icons should be 13x13. Please fix ToolWindow (ID:  SBT) or icon jar:file:/home/mcampbell/.IntelliJIdea14/config/plugins/Scala/lib/scala-plugin.jar!/sbt.png 
[ 177624]   WARN - openapi.wm.impl.ToolWindowImpl - ToolWindow icons should be 13x13. Please fix ToolWindow (ID:  SBT) or icon jar:file:/home/mcampbell/.IntelliJIdea14/config/plugins/Scala/lib/scala-plugin.jar!/sbt.png 
[84073489]  ERROR - til.concurrency.QueueProcessor - org.jetbrains.plugins.scala.lang.psi.impl.ScalaFileImpl cannot be cast to com.intellij.psi.PsiJavaFile 
java.lang.ClassCastException: org.jetbrains.plugins.scala.lang.psi.impl.ScalaFileImpl cannot be cast to com.intellij.psi.PsiJavaFile
	at com.intellij.ide.highlighter.JavaClsStructureViewBuilderProvider.getStructureViewBuilder(JavaClsStructureViewBuilderProvider.java:60)
	at sun.reflect.NativeMethodAccessorImpl.invoke0(Native Method)
	at sun.reflect.NativeMethodAccessorImpl.invoke(NativeMethodAccessorImpl.java:57)
	at sun.reflect.DelegatingMethodAccessorImpl.invoke(DelegatingMethodAccessorImpl.java:43)
	at java.lang.reflect.Method.invoke(Method.java:606)
	at com.intellij.openapi.util.KeyedExtensionFactory.getByKey(KeyedExtensionFactory.java:92)
	at com.intellij.openapi.util.KeyedExtensionFactory.access$000(KeyedExtensionFactory.java:33)
	at com.intellij.openapi.util.KeyedExtensionFactory$1.invoke(KeyedExtensionFactory.java:54)
	at com.sun.proxy.$Proxy99.getStructureViewBuilder(Unknown Source)
	at com.intellij.openapi.fileEditor.impl.text.TextEditorImpl.getStructureViewBuilder(TextEditorImpl.java:153)
	at com.intellij.ide.impl.StructureViewWrapperImpl.rebuild(StructureViewWrapperImpl.java:313)
	at com.intellij.ide.impl.StructureViewWrapperImpl$6.run(StructureViewWrapperImpl.java:253)
	at com.intellij.util.ui.update.MergingUpdateQueue.execute(MergingUpdateQueue.java:320)
	at com.intellij.util.ui.update.MergingUpdateQueue.execute(MergingUpdateQueue.java:310)
	at com.intellij.util.ui.update.MergingUpdateQueue$2.run(MergingUpdateQueue.java:254)
	at com.intellij.util.ui.UIUtil.invokeLaterIfNeeded(UIUtil.java:2108)
	at com.intellij.util.ui.update.MergingUpdateQueue.flush(MergingUpdateQueue.java:266)
	at com.intellij.util.ui.update.MergingUpdateQueue.flush(MergingUpdateQueue.java:227)
	at com.intellij.util.ui.update.MergingUpdateQueue.run(MergingUpdateQueue.java:217)
	at com.intellij.util.concurrency.QueueProcessor.runSafely(QueueProcessor.java:238)
	at com.intellij.util.Alarm$Request$1.run(Alarm.java:351)
	at com.intellij.openapi.application.impl.LaterInvocator$FlushQueue.run(LaterInvocator.java:318)
	at java.awt.event.InvocationEvent.dispatch(InvocationEvent.java:312)
	at java.awt.EventQueue.dispatchEventImpl(EventQueue.java:738)
	at java.awt.EventQueue.access$300(EventQueue.java:103)
	at java.awt.EventQueue$3.run(EventQueue.java:699)
	at java.awt.EventQueue$3.run(EventQueue.java:697)
	at java.security.AccessController.doPrivileged(Native Method)
	at java.security.ProtectionDomain$1.doIntersectionPrivilege(ProtectionDomain.java:76)
	at java.awt.EventQueue.dispatchEvent(EventQueue.java:708)
	at com.intellij.ide.IdeEventQueue.e(IdeEventQueue.java:748)
	at com.intellij.ide.IdeEventQueue._dispatchEvent(IdeEventQueue.java:577)
	at com.intellij.ide.IdeEventQueue.dispatchEvent(IdeEventQueue.java:384)
	at java.awt.EventDispatchThread.pumpOneEventForFilters(EventDispatchThread.java:242)
	at java.awt.EventDispatchThread.pumpEventsForFilter(EventDispatchThread.java:161)
	at java.awt.EventDispatchThread.pumpEventsForHierarchy(EventDispatchThread.java:150)
	at java.awt.EventDispatchThread.pumpEvents(EventDispatchThread.java:146)
	at java.awt.EventDispatchThread.pumpEvents(EventDispatchThread.java:138)
	at java.awt.EventDispatchThread.run(EventDispatchThread.java:91)
[84073527]  ERROR - til.concurrency.QueueProcessor - IntelliJ IDEA 14.0.3  Build #IU-139.1117.1 
[84073527]  ERROR - til.concurrency.QueueProcessor - JDK: 1.7.0_75 
[84073527]  ERROR - til.concurrency.QueueProcessor - VM: Java HotSpot(TM) 64-Bit Server VM 
[84073527]  ERROR - til.concurrency.QueueProcessor - Vendor: Oracle Corporation 
[84073527]  ERROR - til.concurrency.QueueProcessor - OS: Linux 
[84073527]  ERROR - til.concurrency.QueueProcessor - Last Action: GotoDeclaration 
[86057188]   WARN - openapi.wm.impl.ToolWindowImpl - ToolWindow icons should be 13x13. Please fix ToolWindow (ID:  SBT) or icon jar:file:/home/mcampbell/.IntelliJIdea14/config/plugins/Scala/lib/scala-plugin.jar!/sbt.png 
[86578693]  ERROR - til.concurrency.QueueProcessor - org.jetbrains.plugins.scala.lang.psi.impl.ScalaFileImpl cannot be cast to com.intellij.psi.PsiJavaFile 
java.lang.ClassCastException: org.jetbrains.plugins.scala.lang.psi.impl.ScalaFileImpl cannot be cast to com.intellij.psi.PsiJavaFile
	at com.intellij.ide.highlighter.JavaClsStructureViewBuilderProvider.getStructureViewBuilder(JavaClsStructureViewBuilderProvider.java:60)
	at sun.reflect.GeneratedMethodAccessor298.invoke(Unknown Source)
	at sun.reflect.DelegatingMethodAccessorImpl.invoke(DelegatingMethodAccessorImpl.java:43)
	at java.lang.reflect.Method.invoke(Method.java:606)
	at com.intellij.openapi.util.KeyedExtensionFactory.getByKey(KeyedExtensionFactory.java:92)
	at com.intellij.openapi.util.KeyedExtensionFactory.access$000(KeyedExtensionFactory.java:33)
	at com.intellij.openapi.util.KeyedExtensionFactory$1.invoke(KeyedExtensionFactory.java:54)
	at com.sun.proxy.$Proxy99.getStructureViewBuilder(Unknown Source)
	at com.intellij.openapi.fileEditor.impl.text.TextEditorImpl.getStructureViewBuilder(TextEditorImpl.java:153)
	at com.intellij.ide.impl.StructureViewWrapperImpl.rebuild(StructureViewWrapperImpl.java:313)
	at com.intellij.ide.impl.StructureViewWrapperImpl$6.run(StructureViewWrapperImpl.java:253)
	at com.intellij.util.ui.update.MergingUpdateQueue.execute(MergingUpdateQueue.java:320)
	at com.intellij.util.ui.update.MergingUpdateQueue.execute(MergingUpdateQueue.java:310)
	at com.intellij.util.ui.update.MergingUpdateQueue$2.run(MergingUpdateQueue.java:254)
	at com.intellij.util.ui.UIUtil.invokeLaterIfNeeded(UIUtil.java:2108)
	at com.intellij.util.ui.update.MergingUpdateQueue.flush(MergingUpdateQueue.java:266)
	at com.intellij.util.ui.update.MergingUpdateQueue.flush(MergingUpdateQueue.java:227)
	at com.intellij.util.ui.update.MergingUpdateQueue.run(MergingUpdateQueue.java:217)
	at com.intellij.util.concurrency.QueueProcessor.runSafely(QueueProcessor.java:238)
	at com.intellij.util.Alarm$Request$1.run(Alarm.java:351)
	at com.intellij.openapi.application.impl.LaterInvocator$FlushQueue.run(LaterInvocator.java:318)
	at java.awt.event.InvocationEvent.dispatch(InvocationEvent.java:312)
	at java.awt.EventQueue.dispatchEventImpl(EventQueue.java:738)
	at java.awt.EventQueue.access$300(EventQueue.java:103)
	at java.awt.EventQueue$3.run(EventQueue.java:699)
	at java.awt.EventQueue$3.run(EventQueue.java:697)
	at java.security.AccessController.doPrivileged(Native Method)
	at java.security.ProtectionDomain$1.doIntersectionPrivilege(ProtectionDomain.java:76)
	at java.awt.EventQueue.dispatchEvent(EventQueue.java:708)
	at com.intellij.ide.IdeEventQueue.e(IdeEventQueue.java:748)
	at com.intellij.ide.IdeEventQueue._dispatchEvent(IdeEventQueue.java:577)
	at com.intellij.ide.IdeEventQueue.dispatchEvent(IdeEventQueue.java:384)
	at java.awt.EventDispatchThread.pumpOneEventForFilters(EventDispatchThread.java:242)
	at java.awt.EventDispatchThread.pumpEventsForFilter(EventDispatchThread.java:161)
	at java.awt.EventDispatchThread.pumpEventsForHierarchy(EventDispatchThread.java:150)
	at java.awt.EventDispatchThread.pumpEvents(EventDispatchThread.java:146)
	at java.awt.EventDispatchThread.pumpEvents(EventDispatchThread.java:138)
	at java.awt.EventDispatchThread.run(EventDispatchThread.java:91)
[86578695]  ERROR - til.concurrency.QueueProcessor - IntelliJ IDEA 14.0.3  Build #IU-139.1117.1 
[86578695]  ERROR - til.concurrency.QueueProcessor - JDK: 1.7.0_75 
[86578695]  ERROR - til.concurrency.QueueProcessor - VM: Java HotSpot(TM) 64-Bit Server VM 
[86578696]  ERROR - til.concurrency.QueueProcessor - Vendor: Oracle Corporation 
[86578696]  ERROR - til.concurrency.QueueProcessor - OS: Linux 
[86578696]  ERROR - til.concurrency.QueueProcessor - Last Action: GotoDeclaration 
[87306448]   WARN - ution.process.OSProcessHandler - Cannot kill process tree. Trying to destroy process using Java API. Cmdline:
/home/mcampbell/java/jdk1.8.0_40/bin/java -agentlib:jdwp=transport=dt_socket,address=127.0.0.1:36915,suspend=y,server=n -Dfile.encoding=UTF-8 -classpath /home/mcampbell/.IntelliJIdea14/config/plugins/Scala/lib/scala-plugin-runners.jar:/home/mcampbell/.IntelliJIdea14/config/plugins/Scala/lib/Runners.jar:/home/mcampbell/java/jdk1.8.0_40/jre/lib/jce.jar:/home/mcampbell/java/jdk1.8.0_40/jre/lib/javaws.jar:/home/mcampbell/java/jdk1.8.0_40/jre/lib/jfxswt.jar:/home/mcampbell/java/jdk1.8.0_40/jre/lib/jsse.jar:/home/mcampbell/java/jdk1.8.0_40/jre/lib/management-agent.jar:/home/mcampbell/java/jdk1.8.0_40/jre/lib/deploy.jar:/home/mcampbell/java/jdk1.8.0_40/jre/lib/jfr.jar:/home/mcampbell/java/jdk1.8.0_40/jre/lib/plugin.jar:/home/mcampbell/java/jdk1.8.0_40/jre/lib/rt.jar:/home/mcampbell/java/jdk1.8.0_40/jre/lib/resources.jar:/home/mcampbell/java/jdk1.8.0_40/jre/lib/charsets.jar:/home/mcampbell/java/jdk1.8.0_40/jre/lib/ext/zipfs.jar:/home/mcampbell/java/jdk1.8.0_40/jre/lib/ext/sunjce_provider.jar:/home/mcampbell/java/jdk1.8.0_40/jre/lib/ext/sunec.jar:/home/mcampbell/java/jdk1.8.0_40/jre/lib/ext/localedata.jar:/home/mcampbell/java/jdk1.8.0_40/jre/lib/ext/dnsns.jar:/home/mcampbell/java/jdk1.8.0_40/jre/lib/ext/sunpkcs11.jar:/home/mcampbell/java/jdk1.8.0_40/jre/lib/ext/cldrdata.jar:/home/mcampbell/java/jdk1.8.0_40/jre/lib/ext/nashorn.jar:/home/mcampbell/java/jdk1.8.0_40/jre/lib/ext/jfxrt.jar:/home/mcampbell/Dropbox/ClassesEducation/exercism/scala/word-count/target/scala-2.10/test-classes:/home/mcampbell/Dropbox/ClassesEducation/exercism/scala/word-count/target/scala-2.10/classes:/home/mcampbell/.ivy2/cache/org.scala-lang/scala-library/jars/scala-library-2.10.3.jar:/home/mcampbell/.ivy2/cache/org.scala-lang/scala-reflect/jars/scala-reflect-2.10.0.jar:/home/mcampbell/.ivy2/cache/org.scalatest/scalatest_2.10/jars/scalatest_2.10-2.0.jar:/home/mcampbell/bin/idea-IU-139.1117.1/lib/idea_rt.jar org.jetbrains.plugins.scala.testingSupport.scalaTest.ScalaTestRunner -s WordCountSpecs -showProgressMessages true -C org.jetbrains.plugins.scala.testingSupport.scalaTest.ScalaTestReporter 
[87306491]   WARN - asedToSMTRunnerEventsConvertor - [Scala] Unexpected running nodes: [{id=2, parentId=1, name='should count one word', isSuite=false, state=RUNNING}] 
[87345744]   WARN - ution.process.OSProcessHandler - Cannot kill process tree. Trying to destroy process using Java API. Cmdline:
/home/mcampbell/java/jdk1.8.0_40/bin/java -agentlib:jdwp=transport=dt_socket,address=127.0.0.1:56017,suspend=y,server=n -Dfile.encoding=UTF-8 -classpath /home/mcampbell/.IntelliJIdea14/config/plugins/Scala/lib/scala-plugin-runners.jar:/home/mcampbell/.IntelliJIdea14/config/plugins/Scala/lib/Runners.jar:/home/mcampbell/java/jdk1.8.0_40/jre/lib/jce.jar:/home/mcampbell/java/jdk1.8.0_40/jre/lib/javaws.jar:/home/mcampbell/java/jdk1.8.0_40/jre/lib/jfxswt.jar:/home/mcampbell/java/jdk1.8.0_40/jre/lib/jsse.jar:/home/mcampbell/java/jdk1.8.0_40/jre/lib/management-agent.jar:/home/mcampbell/java/jdk1.8.0_40/jre/lib/deploy.jar:/home/mcampbell/java/jdk1.8.0_40/jre/lib/jfr.jar:/home/mcampbell/java/jdk1.8.0_40/jre/lib/plugin.jar:/home/mcampbell/java/jdk1.8.0_40/jre/lib/rt.jar:/home/mcampbell/java/jdk1.8.0_40/jre/lib/resources.jar:/home/mcampbell/java/jdk1.8.0_40/jre/lib/charsets.jar:/home/mcampbell/java/jdk1.8.0_40/jre/lib/ext/zipfs.jar:/home/mcampbell/java/jdk1.8.0_40/jre/lib/ext/sunjce_provider.jar:/home/mcampbell/java/jdk1.8.0_40/jre/lib/ext/sunec.jar:/home/mcampbell/java/jdk1.8.0_40/jre/lib/ext/localedata.jar:/home/mcampbell/java/jdk1.8.0_40/jre/lib/ext/dnsns.jar:/home/mcampbell/java/jdk1.8.0_40/jre/lib/ext/sunpkcs11.jar:/home/mcampbell/java/jdk1.8.0_40/jre/lib/ext/cldrdata.jar:/home/mcampbell/java/jdk1.8.0_40/jre/lib/ext/nashorn.jar:/home/mcampbell/java/jdk1.8.0_40/jre/lib/ext/jfxrt.jar:/home/mcampbell/Dropbox/ClassesEducation/exercism/scala/word-count/target/scala-2.10/test-classes:/home/mcampbell/Dropbox/ClassesEducation/exercism/scala/word-count/target/scala-2.10/classes:/home/mcampbell/.ivy2/cache/org.scala-lang/scala-library/jars/scala-library-2.10.3.jar:/home/mcampbell/.ivy2/cache/org.scala-lang/scala-reflect/jars/scala-reflect-2.10.0.jar:/home/mcampbell/.ivy2/cache/org.scalatest/scalatest_2.10/jars/scalatest_2.10-2.0.jar:/home/mcampbell/bin/idea-IU-139.1117.1/lib/idea_rt.jar org.jetbrains.plugins.scala.testingSupport.scalaTest.ScalaTestRunner -s WordCountSpecs -showProgressMessages true -C org.jetbrains.plugins.scala.testingSupport.scalaTest.ScalaTestReporter 
[87345746]   WARN - asedToSMTRunnerEventsConvertor - [Scala] Unexpected running nodes: [{id=2, parentId=1, name='should count one word', isSuite=false, state=RUNNING}] 
java.net.SocketException: Connection reset
	at java.net.SocketInputStream.read(SocketInputStream.java:196)
	at java.net.SocketInputStream.read(SocketInputStream.java:122)
	at sun.security.ssl.InputRecord.readFully(InputRecord.java:442)
	at sun.security.ssl.InputRecord.read(InputRecord.java:480)
	at sun.security.ssl.SSLSocketImpl.readRecord(SSLSocketImpl.java:934)
	at sun.security.ssl.SSLSocketImpl.readDataRecord(SSLSocketImpl.java:891)
	at sun.security.ssl.AppInputStream.read(AppInputStream.java:102)
	at sun.nio.cs.StreamDecoder.readBytes(StreamDecoder.java:283)
	at sun.nio.cs.StreamDecoder.implRead(StreamDecoder.java:325)
	at sun.nio.cs.StreamDecoder.read(StreamDecoder.java:177)
	at java.io.InputStreamReader.read(InputStreamReader.java:184)
	at java.io.BufferedReader.fill(BufferedReader.java:154)
	at java.io.BufferedReader.read1(BufferedReader.java:205)
	at java.io.BufferedReader.read(BufferedReader.java:279)
	at org.xmlpull.mxp1.MXParser.fillBuf(MXParser.java:2972)
	at org.xmlpull.mxp1.MXParser.more(MXParser.java:3026)
	at org.xmlpull.mxp1.MXParser.nextImpl(MXParser.java:1384)
	at org.xmlpull.mxp1.MXParser.next(MXParser.java:1093)
	at org.jivesoftware.smack.PacketReader.parsePackets(PacketReader.java:363)
	at org.jivesoftware.smack.PacketReader.access$000(PacketReader.java:45)
	at org.jivesoftware.smack.PacketReader$1.run(PacketReader.java:67)
java.net.SocketException: Connection reset
	at java.net.SocketInputStream.read(SocketInputStream.java:196)
	at java.net.SocketInputStream.read(SocketInputStream.java:122)
	at sun.security.ssl.InputRecord.readFully(InputRecord.java:442)
	at sun.security.ssl.InputRecord.read(InputRecord.java:480)
	at sun.security.ssl.SSLSocketImpl.readRecord(SSLSocketImpl.java:934)
	at sun.security.ssl.SSLSocketImpl.readDataRecord(SSLSocketImpl.java:891)
	at sun.security.ssl.AppInputStream.read(AppInputStream.java:102)
	at sun.nio.cs.StreamDecoder.readBytes(StreamDecoder.java:283)
	at sun.nio.cs.StreamDecoder.implRead(StreamDecoder.java:325)
	at sun.nio.cs.StreamDecoder.read(StreamDecoder.java:177)
	at java.io.InputStreamReader.read(InputStreamReader.java:184)
	at java.io.BufferedReader.fill(BufferedReader.java:154)
	at java.io.BufferedReader.read1(BufferedReader.java:205)
	at java.io.BufferedReader.read(BufferedReader.java:279)
	at org.xmlpull.mxp1.MXParser.fillBuf(MXParser.java:2972)
	at org.xmlpull.mxp1.MXParser.more(MXParser.java:3026)
	at org.xmlpull.mxp1.MXParser.nextImpl(MXParser.java:1384)
	at org.xmlpull.mxp1.MXParser.next(MXParser.java:1093)
	at org.jivesoftware.smack.PacketReader.parsePackets(PacketReader.java:363)
	at org.jivesoftware.smack.PacketReader.access$000(PacketReader.java:45)
	at org.jivesoftware.smack.PacketReader$1.run(PacketReader.java:67)
java.net.SocketException: Connection reset
	at java.net.SocketInputStream.read(SocketInputStream.java:196)
	at java.net.SocketInputStream.read(SocketInputStream.java:122)
	at sun.security.ssl.InputRecord.readFully(InputRecord.java:442)
	at sun.security.ssl.InputRecord.read(InputRecord.java:480)
	at sun.security.ssl.SSLSocketImpl.readRecord(SSLSocketImpl.java:934)
	at sun.security.ssl.SSLSocketImpl.readDataRecord(SSLSocketImpl.java:891)
	at sun.security.ssl.AppInputStream.read(AppInputStream.java:102)
	at sun.nio.cs.StreamDecoder.readBytes(StreamDecoder.java:283)
	at sun.nio.cs.StreamDecoder.implRead(StreamDecoder.java:325)
	at sun.nio.cs.StreamDecoder.read(StreamDecoder.java:177)
	at java.io.InputStreamReader.read(InputStreamReader.java:184)
	at java.io.BufferedReader.fill(BufferedReader.java:154)
	at java.io.BufferedReader.read1(BufferedReader.java:205)
	at java.io.BufferedReader.read(BufferedReader.java:279)
	at org.xmlpull.mxp1.MXParser.fillBuf(MXParser.java:2972)
	at org.xmlpull.mxp1.MXParser.more(MXParser.java:3026)
	at org.xmlpull.mxp1.MXParser.nextImpl(MXParser.java:1144)
	at org.xmlpull.mxp1.MXParser.next(MXParser.java:1093)
	at org.jivesoftware.smack.PacketReader.parsePackets(PacketReader.java:363)
	at org.jivesoftware.smack.PacketReader.access$000(PacketReader.java:45)
	at org.jivesoftware.smack.PacketReader$1.run(PacketReader.java:67)
[170158028]   WARN - openapi.wm.impl.ToolWindowImpl - ToolWindow icons should be 13x13. Please fix ToolWindow (ID:  SBT) or icon jar:file:/home/mcampbell/.IntelliJIdea14/config/plugins/Scala/lib/scala-plugin.jar!/sbt.png 
[172197268]  ERROR - til.concurrency.QueueProcessor - org.jetbrains.plugins.scala.lang.psi.impl.ScalaFileImpl cannot be cast to com.intellij.psi.PsiJavaFile 
java.lang.ClassCastException: org.jetbrains.plugins.scala.lang.psi.impl.ScalaFileImpl cannot be cast to com.intellij.psi.PsiJavaFile
	at com.intellij.ide.highlighter.JavaClsStructureViewBuilderProvider.getStructureViewBuilder(JavaClsStructureViewBuilderProvider.java:60)
	at sun.reflect.GeneratedMethodAccessor298.invoke(Unknown Source)
	at sun.reflect.DelegatingMethodAccessorImpl.invoke(DelegatingMethodAccessorImpl.java:43)
	at java.lang.reflect.Method.invoke(Method.java:606)
	at com.intellij.openapi.util.KeyedExtensionFactory.getByKey(KeyedExtensionFactory.java:92)
	at com.intellij.openapi.util.KeyedExtensionFactory.access$000(KeyedExtensionFactory.java:33)
	at com.intellij.openapi.util.KeyedExtensionFactory$1.invoke(KeyedExtensionFactory.java:54)
	at com.sun.proxy.$Proxy99.getStructureViewBuilder(Unknown Source)
	at com.intellij.openapi.fileEditor.impl.text.TextEditorImpl.getStructureViewBuilder(TextEditorImpl.java:153)
	at com.intellij.ide.impl.StructureViewWrapperImpl.rebuild(StructureViewWrapperImpl.java:313)
	at com.intellij.ide.impl.StructureViewWrapperImpl$6.run(StructureViewWrapperImpl.java:253)
	at com.intellij.util.ui.update.MergingUpdateQueue.execute(MergingUpdateQueue.java:320)
	at com.intellij.util.ui.update.MergingUpdateQueue.execute(MergingUpdateQueue.java:310)
	at com.intellij.util.ui.update.MergingUpdateQueue$2.run(MergingUpdateQueue.java:254)
	at com.intellij.util.ui.UIUtil.invokeLaterIfNeeded(UIUtil.java:2108)
	at com.intellij.util.ui.update.MergingUpdateQueue.flush(MergingUpdateQueue.java:266)
	at com.intellij.util.ui.update.MergingUpdateQueue.flush(MergingUpdateQueue.java:227)
	at com.intellij.util.ui.update.MergingUpdateQueue.run(MergingUpdateQueue.java:217)
	at com.intellij.util.concurrency.QueueProcessor.runSafely(QueueProcessor.java:238)
	at com.intellij.util.Alarm$Request$1.run(Alarm.java:351)
	at com.intellij.openapi.application.impl.LaterInvocator$FlushQueue.run(LaterInvocator.java:318)
	at java.awt.event.InvocationEvent.dispatch(InvocationEvent.java:312)
	at java.awt.EventQueue.dispatchEventImpl(EventQueue.java:738)
	at java.awt.EventQueue.access$300(EventQueue.java:103)
	at java.awt.EventQueue$3.run(EventQueue.java:699)
	at java.awt.EventQueue$3.run(EventQueue.java:697)
	at java.security.AccessController.doPrivileged(Native Method)
	at java.security.ProtectionDomain$1.doIntersectionPrivilege(ProtectionDomain.java:76)
	at java.awt.EventQueue.dispatchEvent(EventQueue.java:708)
	at com.intellij.ide.IdeEventQueue.e(IdeEventQueue.java:748)
	at com.intellij.ide.IdeEventQueue._dispatchEvent(IdeEventQueue.java:577)
	at com.intellij.ide.IdeEventQueue.dispatchEvent(IdeEventQueue.java:384)
	at java.awt.EventDispatchThread.pumpOneEventForFilters(EventDispatchThread.java:242)
	at java.awt.EventDispatchThread.pumpEventsForFilter(EventDispatchThread.java:161)
	at java.awt.EventDispatchThread.pumpEventsForHierarchy(EventDispatchThread.java:150)
	at java.awt.EventDispatchThread.pumpEvents(EventDispatchThread.java:146)
	at java.awt.EventDispatchThread.pumpEvents(EventDispatchThread.java:138)
	at java.awt.EventDispatchThread.run(EventDispatchThread.java:91)
[172197300]  ERROR - til.concurrency.QueueProcessor - IntelliJ IDEA 14.0.3  Build #IU-139.1117.1 
[172197300]  ERROR - til.concurrency.QueueProcessor - JDK: 1.7.0_75 
[172197300]  ERROR - til.concurrency.QueueProcessor - VM: Java HotSpot(TM) 64-Bit Server VM 
[172197300]  ERROR - til.concurrency.QueueProcessor - Vendor: Oracle Corporation 
[172197300]  ERROR - til.concurrency.QueueProcessor - OS: Linux 
[172197300]  ERROR - til.concurrency.QueueProcessor - Last Action: Rerun 
[174449237]   WARN - openapi.wm.impl.ToolWindowImpl - ToolWindow icons should be 13x13. Please fix ToolWindow (ID:  SBT) or icon jar:file:/home/mcampbell/.IntelliJIdea14/config/plugins/Scala/lib/scala-plugin.jar!/sbt.png 
[175267104]   WARN - api.vfs.impl.local.FileWatcher - Watcher terminated with exit code 0 
