[  18526]   WARN - .ExternalResourceManagerExImpl - Cannot find standard resource. filename:/META-INF/tapestry_5_0_0.xsd class=class com.intellij.javaee.ResourceRegistrarImpl, classLoader:null 
[ 242227]  ERROR - api.util.objectTree.ObjectNode - Editor of class com.intellij.openapi.editor.impl.EditorImpl hasn't been released: 
--------------Creation trace: 
java.lang.Throwable
	at com.intellij.openapi.editor.impl.EditorImpl.<init>(EditorImpl.java:144)
	at com.intellij.openapi.editor.impl.EditorFactoryImpl.a(EditorFactoryImpl.java:191)
	at com.intellij.openapi.editor.impl.EditorFactoryImpl.createViewer(EditorFactoryImpl.java:162)
	at com.intellij.application.options.colors.FontEditorPreview.createPreviewEditor(FontEditorPreview.java:85)
	at com.intellij.application.options.colors.SimpleEditorPreview.<init>(SimpleEditorPreview.java:77)
	at com.intellij.application.options.colors.SimpleEditorPreview.<init>(SimpleEditorPreview.java:63)
	at com.intellij.application.options.colors.ColorAndFontOptions$2.createPanel(ColorAndFontOptions.java:357)
	at com.intellij.application.options.colors.ColorAndFontOptions$InnerSearchableConfigurable.a(ColorAndFontOptions.java:1179)
	at com.intellij.application.options.colors.ColorAndFontOptions$InnerSearchableConfigurable.createComponent(ColorAndFontOptions.java:1209)
	at com.intellij.openapi.options.newEditor.OptionsEditor$Simple.<init>(OptionsEditor.java:1052)
	at com.intellij.openapi.options.newEditor.OptionsEditor.c(OptionsEditor.java:507)
	at com.intellij.openapi.options.newEditor.OptionsEditor.access$1900(OptionsEditor.java:67)
	at com.intellij.openapi.options.newEditor.OptionsEditor$9$1$1.run(OptionsEditor.java:476)
	at com.intellij.openapi.application.impl.ApplicationImpl.runEdtSafeAction(ApplicationImpl.java:1093)
	at com.intellij.openapi.options.newEditor.OptionsEditor$9$1.run(OptionsEditor.java:469)
	at com.intellij.openapi.application.impl.ApplicationImpl.runReadAction(ApplicationImpl.java:908)
	at com.intellij.openapi.options.newEditor.OptionsEditor$9.run(OptionsEditor.java:466)
	at com.intellij.openapi.application.impl.ApplicationImpl$8.run(ApplicationImpl.java:406)
	at java.util.concurrent.Executors$RunnableAdapter.call(Executors.java:471)
	at java.util.concurrent.FutureTask.run(FutureTask.java:262)
	at java.util.concurrent.ThreadPoolExecutor.runWorker(ThreadPoolExecutor.java:1145)
	at java.util.concurrent.ThreadPoolExecutor$Worker.run(ThreadPoolExecutor.java:615)
	at java.lang.Thread.run(Thread.java:745)
	at org.jetbrains.ide.PooledThreadExecutor$1$1.run(PooledThreadExecutor.java:56)
--------------Kill trace: 
java.lang.Throwable
	at com.intellij.openapi.util.TraceableDisposable.kill(TraceableDisposable.java:41)
	at com.intellij.openapi.editor.impl.EditorImpl.release(EditorImpl.java:785)
	at com.intellij.openapi.editor.impl.EditorFactoryImpl.releaseEditor(EditorFactoryImpl.java:210)
	at com.intellij.openapi.editor.impl.EditorFactoryImpl.validateEditorsAreReleased(EditorFactoryImpl.java:98)
	at com.intellij.openapi.editor.impl.EditorFactoryImpl$1$1.dispose(EditorFactoryImpl.java:65)
	at com.intellij.openapi.util.Disposer$1.execute(Disposer.java:47)
	at com.intellij.openapi.util.Disposer$1.execute(Disposer.java:44)
	at com.intellij.openapi.util.objectTree.ObjectNode$1.execute(ObjectNode.java:125)
	at com.intellij.openapi.util.objectTree.ObjectNode$1.execute(ObjectNode.java:102)
	at com.intellij.openapi.util.objectTree.ObjectTree.executeActionWithRecursiveGuard(ObjectTree.java:146)
	at com.intellij.openapi.util.objectTree.ObjectNode.execute(ObjectNode.java:102)
	at com.intellij.openapi.util.objectTree.ObjectNode$1.execute(ObjectNode.java:115)
	at com.intellij.openapi.util.objectTree.ObjectNode$1.execute(ObjectNode.java:102)
	at com.intellij.openapi.util.objectTree.ObjectTree.executeActionWithRecursiveGuard(ObjectTree.java:146)
	at com.intellij.openapi.util.objectTree.ObjectNode.execute(ObjectNode.java:102)
	at com.intellij.openapi.util.objectTree.ObjectTree.executeAll(ObjectTree.java:132)
	at com.intellij.openapi.util.Disposer.dispose(Disposer.java:108)
	at com.intellij.openapi.util.Disposer.dispose(Disposer.java:104)
	at com.intellij.openapi.project.impl.ProjectManagerImpl$14.run(ProjectManagerImpl.java:847)
	at com.intellij.openapi.application.impl.ApplicationImpl.runWriteAction(ApplicationImpl.java:977)
	at com.intellij.openapi.project.impl.ProjectManagerImpl.closeProject(ProjectManagerImpl.java:833)
	at com.intellij.openapi.application.impl.ApplicationImpl$6.run(ApplicationImpl.java:306)
	at com.intellij.openapi.command.impl.CoreCommandProcessor.executeCommand(CoreCommandProcessor.java:124)
	at com.intellij.openapi.command.impl.CoreCommandProcessor.executeCommand(CoreCommandProcessor.java:99)
	at com.intellij.openapi.command.impl.CoreCommandProcessor.executeCommand(CoreCommandProcessor.java:85)
	at com.intellij.openapi.application.impl.ApplicationImpl.a(ApplicationImpl.java:303)
	at com.intellij.openapi.application.impl.ApplicationImpl.a(ApplicationImpl.java:809)
	at com.intellij.openapi.application.impl.ApplicationImpl.access$800(ApplicationImpl.java:87)
	at com.intellij.openapi.application.impl.ApplicationImpl$11.run(ApplicationImpl.java:785)
	at com.intellij.openapi.application.impl.ApplicationImpl.exit(ApplicationImpl.java:791)
	at com.intellij.openapi.application.impl.ApplicationImpl.restart(ApplicationImpl.java:750)
	at com.intellij.ide.plugins.PluginManagerConfigurable.apply(PluginManagerConfigurable.java:143)
	at com.intellij.openapi.options.ex.ConfigurableWrapper.apply(ConfigurableWrapper.java:172)
	at com.intellij.openapi.options.newEditor.OptionsEditor.apply(OptionsEditor.java:801)
	at com.intellij.openapi.options.newEditor.IdeSettingsDialog.doOKAction(IdeSettingsDialog.java:201)
	at com.intellij.openapi.ui.DialogWrapper$OkAction.doAction(DialogWrapper.java:1791)
	at com.intellij.openapi.ui.DialogWrapper$DialogWrapperAction.actionPerformed(DialogWrapper.java:1757)
	at javax.swing.AbstractButton.fireActionPerformed(AbstractButton.java:2018)
	at javax.swing.AbstractButton$Handler.actionPerformed(AbstractButton.java:2341)
	at javax.swing.DefaultButtonModel.fireActionPerformed(DefaultButtonModel.java:402)
	at javax.swing.DefaultButtonModel.setPressed(DefaultButtonModel.java:259)
	at javax.swing.plaf.basic.BasicButtonListener.mouseReleased(BasicButtonListener.java:252)
	at java.awt.Component.processMouseEvent(Component.java:6516)
	at javax.swing.JComponent.processMouseEvent(JComponent.java:3321)
	at java.awt.Component.processEvent(Component.java:6281)
	at java.awt.Container.processEvent(Container.java:2229)
	at java.awt.Component.dispatchEventImpl(Component.java:4872)
	at java.awt.Container.dispatchEventImpl(Container.java:2287)
	at java.awt.Component.dispatchEvent(Component.java:4698)
	at java.awt.LightweightDispatcher.retargetMouseEvent(Container.java:4832)
	at java.awt.LightweightDispatcher.processMouseEvent(Container.java:4492)
	at java.awt.LightweightDispatcher.dispatchEvent(Container.java:4422)
	at java.awt.Container.dispatchEventImpl(Container.java:2273)
	at java.awt.Window.dispatchEventImpl(Window.java:2719)
	at java.awt.Component.dispatchEvent(Component.java:4698)
	at java.awt.EventQueue.dispatchEventImpl(EventQueue.java:740)
	at java.awt.EventQueue.access$300(EventQueue.java:103)
	at java.awt.EventQueue$3.run(EventQueue.java:699)
	at java.awt.EventQueue$3.run(EventQueue.java:697)
	at java.security.AccessController.doPrivileged(Native Method)
	at java.security.ProtectionDomain$1.doIntersectionPrivilege(ProtectionDomain.java:76)
	at java.security.ProtectionDomain$1.doIntersectionPrivilege(ProtectionDomain.java:87)
	at java.awt.EventQueue$4.run(EventQueue.java:713)
	at java.awt.EventQueue$4.run(EventQueue.java:711)
	at java.security.AccessController.doPrivileged(Native Method)
	at java.security.ProtectionDomain$1.doIntersectionPrivilege(ProtectionDomain.java:76)
	at java.awt.EventQueue.dispatchEvent(EventQueue.java:710)
	at com.intellij.ide.IdeEventQueue.e(IdeEventQueue.java:748)
	at com.intellij.ide.IdeEventQueue._dispatchEvent(IdeEventQueue.java:573)
	at com.intellij.ide.IdeEventQueue.dispatchEvent(IdeEventQueue.java:384)
	at java.awt.EventDispatchThread.pumpOneEventForFilters(EventDispatchThread.java:242)
	at java.awt.EventDispatchThread.pumpEventsForFilter(EventDispatchThread.java:161)
	at java.awt.EventDispatchThread.pumpEventsForFilter(EventDispatchThread.java:154)
	at java.awt.WaitDispatchSupport$2.run(WaitDispatchSupport.java:182)
	at java.awt.WaitDispatchSupport$4.run(WaitDispatchSupport.java:221)
	at java.security.AccessController.doPrivileged(Native Method)
	at java.awt.WaitDispatchSupport.enter(WaitDispatchSupport.java:219)
	at java.awt.Dialog.show(Dialog.java:1082)
	at com.intellij.openapi.ui.impl.DialogWrapperPeerImpl$MyDialog.show(DialogWrapperPeerImpl.java:779)
	at com.intellij.openapi.ui.impl.DialogWrapperPeerImpl.show(DialogWrapperPeerImpl.java:464)
	at com.intellij.openapi.ui.DialogWrapper.showAndGetOk(DialogWrapper.java:1569)
	at com.intellij.openapi.ui.DialogWrapper.show(DialogWrapper.java:1536)
	at com.intellij.ide.actions.ShowSettingsUtilImpl.showSettingsDialog(ShowSettingsUtilImpl.java:112)
	at com.intellij.ide.actions.ShowSettingsAction.actionPerformed(ShowSettingsAction.java:61)
	at com.intellij.openapi.actionSystem.ex.ActionUtil.performActionDumbAware(ActionUtil.java:164)
	at com.intellij.openapi.actionSystem.impl.ActionMenuItem$ActionTransmitter$1.run(ActionMenuItem.java:266)
	at com.intellij.openapi.wm.impl.FocusManagerImpl.runOnOwnContext(FocusManagerImpl.java:926)
	at com.intellij.openapi.wm.impl.IdeFocusManagerImpl.runOnOwnContext(IdeFocusManagerImpl.java:124)
	at com.intellij.openapi.actionSystem.impl.ActionMenuItem$ActionTransmitter.actionPerformed(ActionMenuItem.java:236)
	at javax.swing.AbstractButton.fireActionPerformed(AbstractButton.java:2018)
	at com.intellij.openapi.actionSystem.impl.ActionMenuItem.fireActionPerformed(ActionMenuItem.java:105)
	at com.intellij.ui.plaf.beg.BegMenuItemUI.a(BegMenuItemUI.java:512)
	at com.intellij.ui.plaf.beg.BegMenuItemUI.access$300(BegMenuItemUI.java:44)
	at com.intellij.ui.plaf.beg.BegMenuItemUI$MyMouseInputHandler.mouseReleased(BegMenuItemUI.java:532)
	at java.awt.Component.processMouseEvent(Component.java:6516)
	at javax.swing.JComponent.processMouseEvent(JComponent.java:3321)
	at java.awt.Component.processEvent(Component.java:6281)
	at java.awt.Container.processEvent(Container.java:2229)
	at java.awt.Component.dispatchEventImpl(Component.java:4872)
	at java.awt.Container.dispatchEventImpl(Container.java:2287)
	at java.awt.Component.dispatchEvent(Component.java:4698)
	at java.awt.LightweightDispatcher.retargetMouseEvent(Container.java:4832)
	at java.awt.LightweightDispatcher.processMouseEvent(Container.java:4492)
	at java.awt.LightweightDispatcher.dispatchEvent(Container.java:4422)
	at java.awt.Container.dispatchEventImpl(Container.java:2273)
	at java.awt.Window.dispatchEventImpl(Window.java:2719)
	at java.awt.Component.dispatchEvent(Component.java:4698)
	at java.awt.EventQueue.dispatchEventImpl(EventQueue.java:740)
	at java.awt.EventQueue.access$300(EventQueue.java:103)
	at java.awt.EventQueue$3.run(EventQueue.java:699)
	at java.awt.EventQueue$3.run(EventQueue.java:697)
	at java.security.AccessController.doPrivileged(Native Method)
	at java.security.ProtectionDomain$1.doIntersectionPrivilege(ProtectionDomain.java:76)
	at java.security.ProtectionDomain$1.doIntersectionPrivilege(ProtectionDomain.java:87)
	at java.awt.EventQueue$4.run(EventQueue.java:713)
	at java.awt.EventQueue$4.run(EventQueue.java:711)
	at java.security.AccessController.doPrivileged(Native Method)
	at java.security.ProtectionDomain$1.doIntersectionPrivilege(ProtectionDomain.java:76)
	at java.awt.EventQueue.dispatchEvent(EventQueue.java:710)
	at com.intellij.ide.IdeEventQueue.e(IdeEventQueue.java:748)
	at com.intellij.ide.IdeEventQueue._dispatchEvent(IdeEventQueue.java:573)
	at com.intellij.ide.IdeEventQueue.dispatchEvent(IdeEventQueue.java:384)
	at java.awt.EventDispatchThread.pumpOneEventForFilters(EventDispatchThread.java:242)
	at java.awt.EventDispatchThread.pumpEventsForFilter(EventDispatchThread.java:161)
	at java.awt.EventDispatchThread.pumpEventsForHierarchy(EventDispatchThread.java:150)
	at java.awt.EventDispatchThread.pumpEvents(EventDispatchThread.java:146)
	at java.awt.EventDispatchThread.pumpEvents(EventDispatchThread.java:138)
	at java.awt.EventDispatchThread.run(EventDispatchThread.java:91)
-------------Own trace:
com.intellij.openapi.util.TraceableDisposable$DisposalException: Editor of class com.intellij.openapi.editor.impl.EditorImpl hasn't been released:
	at com.intellij.openapi.util.TraceableDisposable.throwDisposalError(TraceableDisposable.java:46)
	at com.intellij.openapi.editor.impl.EditorImpl.throwDisposalError(EditorImpl.java:777)
	at com.intellij.openapi.editor.impl.EditorFactoryImpl.throwNotReleasedError(EditorFactoryImpl.java:107)
	at com.intellij.openapi.editor.impl.EditorFactoryImpl.validateEditorsAreReleased(EditorFactoryImpl.java:95)
	at com.intellij.openapi.editor.impl.EditorFactoryImpl$1$1.dispose(EditorFactoryImpl.java:65)
	at com.intellij.openapi.util.Disposer$1.execute(Disposer.java:47)
	at com.intellij.openapi.util.Disposer$1.execute(Disposer.java:44)
	at com.intellij.openapi.util.objectTree.ObjectNode$1.execute(ObjectNode.java:125)
	at com.intellij.openapi.util.objectTree.ObjectNode$1.execute(ObjectNode.java:102)
	at com.intellij.openapi.util.objectTree.ObjectTree.executeActionWithRecursiveGuard(ObjectTree.java:146)
	at com.intellij.openapi.util.objectTree.ObjectNode.execute(ObjectNode.java:102)
	at com.intellij.openapi.util.objectTree.ObjectNode$1.execute(ObjectNode.java:115)
	at com.intellij.openapi.util.objectTree.ObjectNode$1.execute(ObjectNode.java:102)
	at com.intellij.openapi.util.objectTree.ObjectTree.executeActionWithRecursiveGuard(ObjectTree.java:146)
	at com.intellij.openapi.util.objectTree.ObjectNode.execute(ObjectNode.java:102)
	at com.intellij.openapi.util.objectTree.ObjectTree.executeAll(ObjectTree.java:132)
	at com.intellij.openapi.util.Disposer.dispose(Disposer.java:108)
	at com.intellij.openapi.util.Disposer.dispose(Disposer.java:104)
	at com.intellij.openapi.project.impl.ProjectManagerImpl$14.run(ProjectManagerImpl.java:847)
	at com.intellij.openapi.application.impl.ApplicationImpl.runWriteAction(ApplicationImpl.java:977)
	at com.intellij.openapi.project.impl.ProjectManagerImpl.closeProject(ProjectManagerImpl.java:833)
	at com.intellij.openapi.application.impl.ApplicationImpl$6.run(ApplicationImpl.java:306)
	at com.intellij.openapi.command.impl.CoreCommandProcessor.executeCommand(CoreCommandProcessor.java:124)
	at com.intellij.openapi.command.impl.CoreCommandProcessor.executeCommand(CoreCommandProcessor.java:99)
	at com.intellij.openapi.command.impl.CoreCommandProcessor.executeCommand(CoreCommandProcessor.java:85)
	at com.intellij.openapi.application.impl.ApplicationImpl.a(ApplicationImpl.java:303)
	at com.intellij.openapi.application.impl.ApplicationImpl.a(ApplicationImpl.java:809)
	at com.intellij.openapi.application.impl.ApplicationImpl.access$800(ApplicationImpl.java:87)
	at com.intellij.openapi.application.impl.ApplicationImpl$11.run(ApplicationImpl.java:785)
	at com.intellij.openapi.application.impl.ApplicationImpl.exit(ApplicationImpl.java:791)
	at com.intellij.openapi.application.impl.ApplicationImpl.restart(ApplicationImpl.java:750)
	at com.intellij.ide.plugins.PluginManagerConfigurable.apply(PluginManagerConfigurable.java:143)
	at com.intellij.openapi.options.ex.ConfigurableWrapper.apply(ConfigurableWrapper.java:172)
	at com.intellij.openapi.options.newEditor.OptionsEditor.apply(OptionsEditor.java:801)
	at com.intellij.openapi.options.newEditor.IdeSettingsDialog.doOKAction(IdeSettingsDialog.java:201)
	at com.intellij.openapi.ui.DialogWrapper$OkAction.doAction(DialogWrapper.java:1791)
	at com.intellij.openapi.ui.DialogWrapper$DialogWrapperAction.actionPerformed(DialogWrapper.java:1757)
	at javax.swing.AbstractButton.fireActionPerformed(AbstractButton.java:2018)
	at javax.swing.AbstractButton$Handler.actionPerformed(AbstractButton.java:2341)
	at javax.swing.DefaultButtonModel.fireActionPerformed(DefaultButtonModel.java:402)
	at javax.swing.DefaultButtonModel.setPressed(DefaultButtonModel.java:259)
	at javax.swing.plaf.basic.BasicButtonListener.mouseReleased(BasicButtonListener.java:252)
	at java.awt.Component.processMouseEvent(Component.java:6516)
	at javax.swing.JComponent.processMouseEvent(JComponent.java:3321)
	at java.awt.Component.processEvent(Component.java:6281)
	at java.awt.Container.processEvent(Container.java:2229)
	at java.awt.Component.dispatchEventImpl(Component.java:4872)
	at java.awt.Container.dispatchEventImpl(Container.java:2287)
	at java.awt.Component.dispatchEvent(Component.java:4698)
	at java.awt.LightweightDispatcher.retargetMouseEvent(Container.java:4832)
	at java.awt.LightweightDispatcher.processMouseEvent(Container.java:4492)
	at java.awt.LightweightDispatcher.dispatchEvent(Container.java:4422)
	at java.awt.Container.dispatchEventImpl(Container.java:2273)
	at java.awt.Window.dispatchEventImpl(Window.java:2719)
	at java.awt.Component.dispatchEvent(Component.java:4698)
	at java.awt.EventQueue.dispatchEventImpl(EventQueue.java:740)
	at java.awt.EventQueue.access$300(EventQueue.java:103)
	at java.awt.EventQueue$3.run(EventQueue.java:699)
	at java.awt.EventQueue$3.run(EventQueue.java:697)
	at java.security.AccessController.doPrivileged(Native Method)
	at java.security.ProtectionDomain$1.doIntersectionPrivilege(ProtectionDomain.java:76)
	at java.security.ProtectionDomain$1.doIntersectionPrivilege(ProtectionDomain.java:87)
	at java.awt.EventQueue$4.run(EventQueue.java:713)
	at java.awt.EventQueue$4.run(EventQueue.java:711)
	at java.security.AccessController.doPrivileged(Native Method)
	at java.security.ProtectionDomain$1.doIntersectionPrivilege(ProtectionDomain.java:76)
	at java.awt.EventQueue.dispatchEvent(EventQueue.java:710)
	at com.intellij.ide.IdeEventQueue.e(IdeEventQueue.java:748)
	at com.intellij.ide.IdeEventQueue._dispatchEvent(IdeEventQueue.java:573)
	at com.intellij.ide.IdeEventQueue.dispatchEvent(IdeEventQueue.java:384)
	at java.awt.EventDispatchThread.pumpOneEventForFilters(EventDispatchThread.java:242)
	at java.awt.EventDispatchThread.pumpEventsForFilter(EventDispatchThread.java:161)
	at java.awt.EventDispatchThread.pumpEventsForFilter(EventDispatchThread.java:154)
	at java.awt.WaitDispatchSupport$2.run(WaitDispatchSupport.java:182)
	at java.awt.WaitDispatchSupport$4.run(WaitDispatchSupport.java:221)
	at java.security.AccessController.doPrivileged(Native Method)
	at java.awt.WaitDispatchSupport.enter(WaitDispatchSupport.java:219)
	at java.awt.Dialog.show(Dialog.java:1082)
	at com.intellij.openapi.ui.impl.DialogWrapperPeerImpl$MyDialog.show(DialogWrapperPeerImpl.java:779)
	at com.intellij.openapi.ui.impl.DialogWrapperPeerImpl.show(DialogWrapperPeerImpl.java:464)
	at com.intellij.openapi.ui.DialogWrapper.showAndGetOk(DialogWrapper.java:1569)
	at com.intellij.openapi.ui.DialogWrapper.show(DialogWrapper.java:1536)
	at com.intellij.ide.actions.ShowSettingsUtilImpl.showSettingsDialog(ShowSettingsUtilImpl.java:112)
	at com.intellij.ide.actions.ShowSettingsAction.actionPerformed(ShowSettingsAction.java:61)
	at com.intellij.openapi.actionSystem.ex.ActionUtil.performActionDumbAware(ActionUtil.java:164)
	at com.intellij.openapi.actionSystem.impl.ActionMenuItem$ActionTransmitter$1.run(ActionMenuItem.java:266)
	at com.intellij.openapi.wm.impl.FocusManagerImpl.runOnOwnContext(FocusManagerImpl.java:926)
	at com.intellij.openapi.wm.impl.IdeFocusManagerImpl.runOnOwnContext(IdeFocusManagerImpl.java:124)
	at com.intellij.openapi.actionSystem.impl.ActionMenuItem$ActionTransmitter.actionPerformed(ActionMenuItem.java:236)
	at javax.swing.AbstractButton.fireActionPerformed(AbstractButton.java:2018)
	at com.intellij.openapi.actionSystem.impl.ActionMenuItem.fireActionPerformed(ActionMenuItem.java:105)
	at com.intellij.ui.plaf.beg.BegMenuItemUI.a(BegMenuItemUI.java:512)
	at com.intellij.ui.plaf.beg.BegMenuItemUI.access$300(BegMenuItemUI.java:44)
	at com.intellij.ui.plaf.beg.BegMenuItemUI$MyMouseInputHandler.mouseReleased(BegMenuItemUI.java:532)
	at java.awt.Component.processMouseEvent(Component.java:6516)
	at javax.swing.JComponent.processMouseEvent(JComponent.java:3321)
	at java.awt.Component.processEvent(Component.java:6281)
	at java.awt.Container.processEvent(Container.java:2229)
	at java.awt.Component.dispatchEventImpl(Component.java:4872)
	at java.awt.Container.dispatchEventImpl(Container.java:2287)
	at java.awt.Component.dispatchEvent(Component.java:4698)
	at java.awt.LightweightDispatcher.retargetMouseEvent(Container.java:4832)
	at java.awt.LightweightDispatcher.processMouseEvent(Container.java:4492)
	at java.awt.LightweightDispatcher.dispatchEvent(Container.java:4422)
	at java.awt.Container.dispatchEventImpl(Container.java:2273)
	at java.awt.Window.dispatchEventImpl(Window.java:2719)
	at java.awt.Component.dispatchEvent(Component.java:4698)
	at java.awt.EventQueue.dispatchEventImpl(EventQueue.java:740)
	at java.awt.EventQueue.access$300(EventQueue.java:103)
	at java.awt.EventQueue$3.run(EventQueue.java:699)
	at java.awt.EventQueue$3.run(EventQueue.java:697)
	at java.security.AccessController.doPrivileged(Native Method)
	at java.security.ProtectionDomain$1.doIntersectionPrivilege(ProtectionDomain.java:76)
	at java.security.ProtectionDomain$1.doIntersectionPrivilege(ProtectionDomain.java:87)
	at java.awt.EventQueue$4.run(EventQueue.java:713)
	at java.awt.EventQueue$4.run(EventQueue.java:711)
	at java.security.AccessController.doPrivileged(Native Method)
	at java.security.ProtectionDomain$1.doIntersectionPrivilege(ProtectionDomain.java:76)
	at java.awt.EventQueue.dispatchEvent(EventQueue.java:710)
	at com.intellij.ide.IdeEventQueue.e(IdeEventQueue.java:748)
	at com.intellij.ide.IdeEventQueue._dispatchEvent(IdeEventQueue.java:573)
	at com.intellij.ide.IdeEventQueue.dispatchEvent(IdeEventQueue.java:384)
	at java.awt.EventDispatchThread.pumpOneEventForFilters(EventDispatchThread.java:242)
	at java.awt.EventDispatchThread.pumpEventsForFilter(EventDispatchThread.java:161)
	at java.awt.EventDispatchThread.pumpEventsForHierarchy(EventDispatchThread.java:150)
	at java.awt.EventDispatchThread.pumpEvents(EventDispatchThread.java:146)
	at java.awt.EventDispatchThread.pumpEvents(EventDispatchThread.java:138)
	at java.awt.EventDispatchThread.run(EventDispatchThread.java:91)
[ 242236]  ERROR - api.util.objectTree.ObjectNode - IntelliJ IDEA 14.0.3  Build #IU-139.1117.1 
[ 242236]  ERROR - api.util.objectTree.ObjectNode - JDK: 1.7.0_75 
[ 242237]  ERROR - api.util.objectTree.ObjectNode - VM: Java HotSpot(TM) 64-Bit Server VM 
[ 242237]  ERROR - api.util.objectTree.ObjectNode - Vendor: Oracle Corporation 
[ 242238]  ERROR - api.util.objectTree.ObjectNode - OS: Linux 
[ 242238]  ERROR - api.util.objectTree.ObjectNode - Last Action: ShowSettings 
[ 242238]  ERROR - api.util.objectTree.ObjectNode - Current Command: Exit 
[ 242383]  ERROR - api.util.objectTree.ObjectNode - Double release of editor: 
--------------Creation trace: 
java.lang.Throwable
	at com.intellij.openapi.editor.impl.EditorImpl.<init>(EditorImpl.java:144)
	at com.intellij.openapi.editor.impl.EditorFactoryImpl.a(EditorFactoryImpl.java:191)
	at com.intellij.openapi.editor.impl.EditorFactoryImpl.createViewer(EditorFactoryImpl.java:162)
	at com.intellij.application.options.colors.FontEditorPreview.createPreviewEditor(FontEditorPreview.java:85)
	at com.intellij.application.options.colors.SimpleEditorPreview.<init>(SimpleEditorPreview.java:77)
	at com.intellij.application.options.colors.SimpleEditorPreview.<init>(SimpleEditorPreview.java:63)
	at com.intellij.application.options.colors.ColorAndFontOptions$2.createPanel(ColorAndFontOptions.java:357)
	at com.intellij.application.options.colors.ColorAndFontOptions$InnerSearchableConfigurable.a(ColorAndFontOptions.java:1179)
	at com.intellij.application.options.colors.ColorAndFontOptions$InnerSearchableConfigurable.createComponent(ColorAndFontOptions.java:1209)
	at com.intellij.openapi.options.newEditor.OptionsEditor$Simple.<init>(OptionsEditor.java:1052)
	at com.intellij.openapi.options.newEditor.OptionsEditor.c(OptionsEditor.java:507)
	at com.intellij.openapi.options.newEditor.OptionsEditor.access$1900(OptionsEditor.java:67)
	at com.intellij.openapi.options.newEditor.OptionsEditor$9$1$1.run(OptionsEditor.java:476)
	at com.intellij.openapi.application.impl.ApplicationImpl.runEdtSafeAction(ApplicationImpl.java:1093)
	at com.intellij.openapi.options.newEditor.OptionsEditor$9$1.run(OptionsEditor.java:469)
	at com.intellij.openapi.application.impl.ApplicationImpl.runReadAction(ApplicationImpl.java:908)
	at com.intellij.openapi.options.newEditor.OptionsEditor$9.run(OptionsEditor.java:466)
	at com.intellij.openapi.application.impl.ApplicationImpl$8.run(ApplicationImpl.java:406)
	at java.util.concurrent.Executors$RunnableAdapter.call(Executors.java:471)
	at java.util.concurrent.FutureTask.run(FutureTask.java:262)
	at java.util.concurrent.ThreadPoolExecutor.runWorker(ThreadPoolExecutor.java:1145)
	at java.util.concurrent.ThreadPoolExecutor$Worker.run(ThreadPoolExecutor.java:615)
	at java.lang.Thread.run(Thread.java:745)
	at org.jetbrains.ide.PooledThreadExecutor$1$1.run(PooledThreadExecutor.java:56)
--------------Kill trace: 
java.lang.Throwable
	at com.intellij.openapi.util.TraceableDisposable.kill(TraceableDisposable.java:41)
	at com.intellij.openapi.editor.impl.EditorImpl.release(EditorImpl.java:785)
	at com.intellij.openapi.editor.impl.EditorFactoryImpl.releaseEditor(EditorFactoryImpl.java:210)
	at com.intellij.openapi.editor.impl.EditorFactoryImpl.validateEditorsAreReleased(EditorFactoryImpl.java:98)
	at com.intellij.openapi.editor.impl.EditorFactoryImpl$1$1.dispose(EditorFactoryImpl.java:65)
	at com.intellij.openapi.util.Disposer$1.execute(Disposer.java:47)
	at com.intellij.openapi.util.Disposer$1.execute(Disposer.java:44)
	at com.intellij.openapi.util.objectTree.ObjectNode$1.execute(ObjectNode.java:125)
	at com.intellij.openapi.util.objectTree.ObjectNode$1.execute(ObjectNode.java:102)
	at com.intellij.openapi.util.objectTree.ObjectTree.executeActionWithRecursiveGuard(ObjectTree.java:146)
	at com.intellij.openapi.util.objectTree.ObjectNode.execute(ObjectNode.java:102)
	at com.intellij.openapi.util.objectTree.ObjectNode$1.execute(ObjectNode.java:115)
	at com.intellij.openapi.util.objectTree.ObjectNode$1.execute(ObjectNode.java:102)
	at com.intellij.openapi.util.objectTree.ObjectTree.executeActionWithRecursiveGuard(ObjectTree.java:146)
	at com.intellij.openapi.util.objectTree.ObjectNode.execute(ObjectNode.java:102)
	at com.intellij.openapi.util.objectTree.ObjectTree.executeAll(ObjectTree.java:132)
	at com.intellij.openapi.util.Disposer.dispose(Disposer.java:108)
	at com.intellij.openapi.util.Disposer.dispose(Disposer.java:104)
	at com.intellij.openapi.project.impl.ProjectManagerImpl$14.run(ProjectManagerImpl.java:847)
	at com.intellij.openapi.application.impl.ApplicationImpl.runWriteAction(ApplicationImpl.java:977)
	at com.intellij.openapi.project.impl.ProjectManagerImpl.closeProject(ProjectManagerImpl.java:833)
	at com.intellij.openapi.application.impl.ApplicationImpl$6.run(ApplicationImpl.java:306)
	at com.intellij.openapi.command.impl.CoreCommandProcessor.executeCommand(CoreCommandProcessor.java:124)
	at com.intellij.openapi.command.impl.CoreCommandProcessor.executeCommand(CoreCommandProcessor.java:99)
	at com.intellij.openapi.command.impl.CoreCommandProcessor.executeCommand(CoreCommandProcessor.java:85)
	at com.intellij.openapi.application.impl.ApplicationImpl.a(ApplicationImpl.java:303)
	at com.intellij.openapi.application.impl.ApplicationImpl.a(ApplicationImpl.java:809)
	at com.intellij.openapi.application.impl.ApplicationImpl.access$800(ApplicationImpl.java:87)
	at com.intellij.openapi.application.impl.ApplicationImpl$11.run(ApplicationImpl.java:785)
	at com.intellij.openapi.application.impl.ApplicationImpl.exit(ApplicationImpl.java:791)
	at com.intellij.openapi.application.impl.ApplicationImpl.restart(ApplicationImpl.java:750)
	at com.intellij.ide.plugins.PluginManagerConfigurable.apply(PluginManagerConfigurable.java:143)
	at com.intellij.openapi.options.ex.ConfigurableWrapper.apply(ConfigurableWrapper.java:172)
	at com.intellij.openapi.options.newEditor.OptionsEditor.apply(OptionsEditor.java:801)
	at com.intellij.openapi.options.newEditor.IdeSettingsDialog.doOKAction(IdeSettingsDialog.java:201)
	at com.intellij.openapi.ui.DialogWrapper$OkAction.doAction(DialogWrapper.java:1791)
	at com.intellij.openapi.ui.DialogWrapper$DialogWrapperAction.actionPerformed(DialogWrapper.java:1757)
	at javax.swing.AbstractButton.fireActionPerformed(AbstractButton.java:2018)
	at javax.swing.AbstractButton$Handler.actionPerformed(AbstractButton.java:2341)
	at javax.swing.DefaultButtonModel.fireActionPerformed(DefaultButtonModel.java:402)
	at javax.swing.DefaultButtonModel.setPressed(DefaultButtonModel.java:259)
	at javax.swing.plaf.basic.BasicButtonListener.mouseReleased(BasicButtonListener.java:252)
	at java.awt.Component.processMouseEvent(Component.java:6516)
	at javax.swing.JComponent.processMouseEvent(JComponent.java:3321)
	at java.awt.Component.processEvent(Component.java:6281)
	at java.awt.Container.processEvent(Container.java:2229)
	at java.awt.Component.dispatchEventImpl(Component.java:4872)
	at java.awt.Container.dispatchEventImpl(Container.java:2287)
	at java.awt.Component.dispatchEvent(Component.java:4698)
	at java.awt.LightweightDispatcher.retargetMouseEvent(Container.java:4832)
	at java.awt.LightweightDispatcher.processMouseEvent(Container.java:4492)
	at java.awt.LightweightDispatcher.dispatchEvent(Container.java:4422)
	at java.awt.Container.dispatchEventImpl(Container.java:2273)
	at java.awt.Window.dispatchEventImpl(Window.java:2719)
	at java.awt.Component.dispatchEvent(Component.java:4698)
	at java.awt.EventQueue.dispatchEventImpl(EventQueue.java:740)
	at java.awt.EventQueue.access$300(EventQueue.java:103)
	at java.awt.EventQueue$3.run(EventQueue.java:699)
	at java.awt.EventQueue$3.run(EventQueue.java:697)
	at java.security.AccessController.doPrivileged(Native Method)
	at java.security.ProtectionDomain$1.doIntersectionPrivilege(ProtectionDomain.java:76)
	at java.security.ProtectionDomain$1.doIntersectionPrivilege(ProtectionDomain.java:87)
	at java.awt.EventQueue$4.run(EventQueue.java:713)
	at java.awt.EventQueue$4.run(EventQueue.java:711)
	at java.security.AccessController.doPrivileged(Native Method)
	at java.security.ProtectionDomain$1.doIntersectionPrivilege(ProtectionDomain.java:76)
	at java.awt.EventQueue.dispatchEvent(EventQueue.java:710)
	at com.intellij.ide.IdeEventQueue.e(IdeEventQueue.java:748)
	at com.intellij.ide.IdeEventQueue._dispatchEvent(IdeEventQueue.java:573)
	at com.intellij.ide.IdeEventQueue.dispatchEvent(IdeEventQueue.java:384)
	at java.awt.EventDispatchThread.pumpOneEventForFilters(EventDispatchThread.java:242)
	at java.awt.EventDispatchThread.pumpEventsForFilter(EventDispatchThread.java:161)
	at java.awt.EventDispatchThread.pumpEventsForFilter(EventDispatchThread.java:154)
	at java.awt.WaitDispatchSupport$2.run(WaitDispatchSupport.java:182)
	at java.awt.WaitDispatchSupport$4.run(WaitDispatchSupport.java:221)
	at java.security.AccessController.doPrivileged(Native Method)
	at java.awt.WaitDispatchSupport.enter(WaitDispatchSupport.java:219)
	at java.awt.Dialog.show(Dialog.java:1082)
	at com.intellij.openapi.ui.impl.DialogWrapperPeerImpl$MyDialog.show(DialogWrapperPeerImpl.java:779)
	at com.intellij.openapi.ui.impl.DialogWrapperPeerImpl.show(DialogWrapperPeerImpl.java:464)
	at com.intellij.openapi.ui.DialogWrapper.showAndGetOk(DialogWrapper.java:1569)
	at com.intellij.openapi.ui.DialogWrapper.show(DialogWrapper.java:1536)
	at com.intellij.ide.actions.ShowSettingsUtilImpl.showSettingsDialog(ShowSettingsUtilImpl.java:112)
	at com.intellij.ide.actions.ShowSettingsAction.actionPerformed(ShowSettingsAction.java:61)
	at com.intellij.openapi.actionSystem.ex.ActionUtil.performActionDumbAware(ActionUtil.java:164)
	at com.intellij.openapi.actionSystem.impl.ActionMenuItem$ActionTransmitter$1.run(ActionMenuItem.java:266)
	at com.intellij.openapi.wm.impl.FocusManagerImpl.runOnOwnContext(FocusManagerImpl.java:926)
	at com.intellij.openapi.wm.impl.IdeFocusManagerImpl.runOnOwnContext(IdeFocusManagerImpl.java:124)
	at com.intellij.openapi.actionSystem.impl.ActionMenuItem$ActionTransmitter.actionPerformed(ActionMenuItem.java:236)
	at javax.swing.AbstractButton.fireActionPerformed(AbstractButton.java:2018)
	at com.intellij.openapi.actionSystem.impl.ActionMenuItem.fireActionPerformed(ActionMenuItem.java:105)
	at com.intellij.ui.plaf.beg.BegMenuItemUI.a(BegMenuItemUI.java:512)
	at com.intellij.ui.plaf.beg.BegMenuItemUI.access$300(BegMenuItemUI.java:44)
	at com.intellij.ui.plaf.beg.BegMenuItemUI$MyMouseInputHandler.mouseReleased(BegMenuItemUI.java:532)
	at java.awt.Component.processMouseEvent(Component.java:6516)
	at javax.swing.JComponent.processMouseEvent(JComponent.java:3321)
	at java.awt.Component.processEvent(Component.java:6281)
	at java.awt.Container.processEvent(Container.java:2229)
	at java.awt.Component.dispatchEventImpl(Component.java:4872)
	at java.awt.Container.dispatchEventImpl(Container.java:2287)
	at java.awt.Component.dispatchEvent(Component.java:4698)
	at java.awt.LightweightDispatcher.retargetMouseEvent(Container.java:4832)
	at java.awt.LightweightDispatcher.processMouseEvent(Container.java:4492)
	at java.awt.LightweightDispatcher.dispatchEvent(Container.java:4422)
	at java.awt.Container.dispatchEventImpl(Container.java:2273)
	at java.awt.Window.dispatchEventImpl(Window.java:2719)
	at java.awt.Component.dispatchEvent(Component.java:4698)
	at java.awt.EventQueue.dispatchEventImpl(EventQueue.java:740)
	at java.awt.EventQueue.access$300(EventQueue.java:103)
	at java.awt.EventQueue$3.run(EventQueue.java:699)
	at java.awt.EventQueue$3.run(EventQueue.java:697)
	at java.security.AccessController.doPrivileged(Native Method)
	at java.security.ProtectionDomain$1.doIntersectionPrivilege(ProtectionDomain.java:76)
	at java.security.ProtectionDomain$1.doIntersectionPrivilege(ProtectionDomain.java:87)
	at java.awt.EventQueue$4.run(EventQueue.java:713)
	at java.awt.EventQueue$4.run(EventQueue.java:711)
	at java.security.AccessController.doPrivileged(Native Method)
	at java.security.ProtectionDomain$1.doIntersectionPrivilege(ProtectionDomain.java:76)
	at java.awt.EventQueue.dispatchEvent(EventQueue.java:710)
	at com.intellij.ide.IdeEventQueue.e(IdeEventQueue.java:748)
	at com.intellij.ide.IdeEventQueue._dispatchEvent(IdeEventQueue.java:573)
	at com.intellij.ide.IdeEventQueue.dispatchEvent(IdeEventQueue.java:384)
	at java.awt.EventDispatchThread.pumpOneEventForFilters(EventDispatchThread.java:242)
	at java.awt.EventDispatchThread.pumpEventsForFilter(EventDispatchThread.java:161)
	at java.awt.EventDispatchThread.pumpEventsForHierarchy(EventDispatchThread.java:150)
	at java.awt.EventDispatchThread.pumpEvents(EventDispatchThread.java:146)
	at java.awt.EventDispatchThread.pumpEvents(EventDispatchThread.java:138)
	at java.awt.EventDispatchThread.run(EventDispatchThread.java:91)
-------------Own trace:
com.intellij.openapi.util.TraceableDisposable$DisposalException: Double release of editor:
	at com.intellij.openapi.util.TraceableDisposable.throwDisposalError(TraceableDisposable.java:46)
	at com.intellij.openapi.editor.impl.EditorImpl.throwDisposalError(EditorImpl.java:777)
	at com.intellij.openapi.editor.impl.EditorImpl.release(EditorImpl.java:783)
	at com.intellij.openapi.editor.impl.EditorFactoryImpl.releaseEditor(EditorFactoryImpl.java:210)
	at com.intellij.application.options.colors.SimpleEditorPreview.disposeUIResources(SimpleEditorPreview.java:323)
	at com.intellij.application.options.colors.NewColorAndFontPanel.disposeUIResources(NewColorAndFontPanel.java:137)
	at com.intellij.application.options.colors.ColorAndFontOptions$InnerSearchableConfigurable.disposeUIResources(ColorAndFontOptions.java:1258)
	at com.intellij.openapi.options.newEditor.OptionsEditor$13.run(OptionsEditor.java:895)
	at com.intellij.openapi.util.ExecutionCallback.doWhenExecuted(ExecutionCallback.java:101)
	at com.intellij.openapi.util.ActionCallback.doWhenDone(ActionCallback.java:108)
	at com.intellij.openapi.util.ActionCallback.doWhenProcessed(ActionCallback.java:131)
	at com.intellij.openapi.options.newEditor.OptionsEditor.dispose(OptionsEditor.java:891)
	at com.intellij.openapi.util.Disposer$1.execute(Disposer.java:47)
	at com.intellij.openapi.util.Disposer$1.execute(Disposer.java:44)
	at com.intellij.openapi.util.objectTree.ObjectNode$1.execute(ObjectNode.java:125)
	at com.intellij.openapi.util.objectTree.ObjectNode$1.execute(ObjectNode.java:102)
	at com.intellij.openapi.util.objectTree.ObjectTree.executeActionWithRecursiveGuard(ObjectTree.java:146)
	at com.intellij.openapi.util.objectTree.ObjectNode.execute(ObjectNode.java:102)
	at com.intellij.openapi.util.objectTree.ObjectNode$1.execute(ObjectNode.java:115)
	at com.intellij.openapi.util.objectTree.ObjectNode$1.execute(ObjectNode.java:102)
	at com.intellij.openapi.util.objectTree.ObjectTree.executeActionWithRecursiveGuard(ObjectTree.java:146)
	at com.intellij.openapi.util.objectTree.ObjectNode.execute(ObjectNode.java:102)
	at com.intellij.openapi.util.objectTree.ObjectNode$1.execute(ObjectNode.java:115)
	at com.intellij.openapi.util.objectTree.ObjectNode$1.execute(ObjectNode.java:102)
	at com.intellij.openapi.util.objectTree.ObjectTree.executeActionWithRecursiveGuard(ObjectTree.java:146)
	at com.intellij.openapi.util.objectTree.ObjectNode.execute(ObjectNode.java:102)
	at com.intellij.openapi.util.objectTree.ObjectNode$1.execute(ObjectNode.java:115)
	at com.intellij.openapi.util.objectTree.ObjectNode$1.execute(ObjectNode.java:102)
	at com.intellij.openapi.util.objectTree.ObjectTree.executeActionWithRecursiveGuard(ObjectTree.java:146)
	at com.intellij.openapi.util.objectTree.ObjectNode.execute(ObjectNode.java:102)
	at com.intellij.openapi.util.objectTree.ObjectTree.executeAll(ObjectTree.java:132)
	at com.intellij.openapi.util.Disposer.dispose(Disposer.java:108)
	at com.intellij.openapi.util.Disposer.dispose(Disposer.java:104)
	at com.intellij.openapi.application.impl.ApplicationImpl$7.run(ApplicationImpl.java:323)
	at com.intellij.openapi.application.impl.ApplicationImpl.runWriteAction(ApplicationImpl.java:977)
	at com.intellij.openapi.application.impl.ApplicationImpl.a(ApplicationImpl.java:320)
	at com.intellij.openapi.application.impl.ApplicationImpl.a(ApplicationImpl.java:809)
	at com.intellij.openapi.application.impl.ApplicationImpl.access$800(ApplicationImpl.java:87)
	at com.intellij.openapi.application.impl.ApplicationImpl$11.run(ApplicationImpl.java:785)
	at com.intellij.openapi.application.impl.ApplicationImpl.exit(ApplicationImpl.java:791)
	at com.intellij.openapi.application.impl.ApplicationImpl.restart(ApplicationImpl.java:750)
	at com.intellij.ide.plugins.PluginManagerConfigurable.apply(PluginManagerConfigurable.java:143)
	at com.intellij.openapi.options.ex.ConfigurableWrapper.apply(ConfigurableWrapper.java:172)
	at com.intellij.openapi.options.newEditor.OptionsEditor.apply(OptionsEditor.java:801)
	at com.intellij.openapi.options.newEditor.IdeSettingsDialog.doOKAction(IdeSettingsDialog.java:201)
	at com.intellij.openapi.ui.DialogWrapper$OkAction.doAction(DialogWrapper.java:1791)
	at com.intellij.openapi.ui.DialogWrapper$DialogWrapperAction.actionPerformed(DialogWrapper.java:1757)
	at javax.swing.AbstractButton.fireActionPerformed(AbstractButton.java:2018)
	at javax.swing.AbstractButton$Handler.actionPerformed(AbstractButton.java:2341)
	at javax.swing.DefaultButtonModel.fireActionPerformed(DefaultButtonModel.java:402)
	at javax.swing.DefaultButtonModel.setPressed(DefaultButtonModel.java:259)
	at javax.swing.plaf.basic.BasicButtonListener.mouseReleased(BasicButtonListener.java:252)
	at java.awt.Component.processMouseEvent(Component.java:6516)
	at javax.swing.JComponent.processMouseEvent(JComponent.java:3321)
	at java.awt.Component.processEvent(Component.java:6281)
	at java.awt.Container.processEvent(Container.java:2229)
	at java.awt.Component.dispatchEventImpl(Component.java:4872)
	at java.awt.Container.dispatchEventImpl(Container.java:2287)
	at java.awt.Component.dispatchEvent(Component.java:4698)
	at java.awt.LightweightDispatcher.retargetMouseEvent(Container.java:4832)
	at java.awt.LightweightDispatcher.processMouseEvent(Container.java:4492)
	at java.awt.LightweightDispatcher.dispatchEvent(Container.java:4422)
	at java.awt.Container.dispatchEventImpl(Container.java:2273)
	at java.awt.Window.dispatchEventImpl(Window.java:2719)
	at java.awt.Component.dispatchEvent(Component.java:4698)
	at java.awt.EventQueue.dispatchEventImpl(EventQueue.java:740)
	at java.awt.EventQueue.access$300(EventQueue.java:103)
	at java.awt.EventQueue$3.run(EventQueue.java:699)
	at java.awt.EventQueue$3.run(EventQueue.java:697)
	at java.security.AccessController.doPrivileged(Native Method)
	at java.security.ProtectionDomain$1.doIntersectionPrivilege(ProtectionDomain.java:76)
	at java.security.ProtectionDomain$1.doIntersectionPrivilege(ProtectionDomain.java:87)
	at java.awt.EventQueue$4.run(EventQueue.java:713)
	at java.awt.EventQueue$4.run(EventQueue.java:711)
	at java.security.AccessController.doPrivileged(Native Method)
	at java.security.ProtectionDomain$1.doIntersectionPrivilege(ProtectionDomain.java:76)
	at java.awt.EventQueue.dispatchEvent(EventQueue.java:710)
	at com.intellij.ide.IdeEventQueue.e(IdeEventQueue.java:748)
	at com.intellij.ide.IdeEventQueue._dispatchEvent(IdeEventQueue.java:573)
	at com.intellij.ide.IdeEventQueue.dispatchEvent(IdeEventQueue.java:384)
	at java.awt.EventDispatchThread.pumpOneEventForFilters(EventDispatchThread.java:242)
	at java.awt.EventDispatchThread.pumpEventsForFilter(EventDispatchThread.java:161)
	at java.awt.EventDispatchThread.pumpEventsForFilter(EventDispatchThread.java:154)
	at java.awt.WaitDispatchSupport$2.run(WaitDispatchSupport.java:182)
	at java.awt.WaitDispatchSupport$4.run(WaitDispatchSupport.java:221)
	at java.security.AccessController.doPrivileged(Native Method)
	at java.awt.WaitDispatchSupport.enter(WaitDispatchSupport.java:219)
	at java.awt.Dialog.show(Dialog.java:1082)
	at com.intellij.openapi.ui.impl.DialogWrapperPeerImpl$MyDialog.show(DialogWrapperPeerImpl.java:779)
	at com.intellij.openapi.ui.impl.DialogWrapperPeerImpl.show(DialogWrapperPeerImpl.java:464)
	at com.intellij.openapi.ui.DialogWrapper.showAndGetOk(DialogWrapper.java:1569)
	at com.intellij.openapi.ui.DialogWrapper.show(DialogWrapper.java:1536)
	at com.intellij.ide.actions.ShowSettingsUtilImpl.showSettingsDialog(ShowSettingsUtilImpl.java:112)
	at com.intellij.ide.actions.ShowSettingsAction.actionPerformed(ShowSettingsAction.java:61)
	at com.intellij.openapi.actionSystem.ex.ActionUtil.performActionDumbAware(ActionUtil.java:164)
	at com.intellij.openapi.actionSystem.impl.ActionMenuItem$ActionTransmitter$1.run(ActionMenuItem.java:266)
	at com.intellij.openapi.wm.impl.FocusManagerImpl.runOnOwnContext(FocusManagerImpl.java:926)
	at com.intellij.openapi.wm.impl.IdeFocusManagerImpl.runOnOwnContext(IdeFocusManagerImpl.java:124)
	at com.intellij.openapi.actionSystem.impl.ActionMenuItem$ActionTransmitter.actionPerformed(ActionMenuItem.java:236)
	at javax.swing.AbstractButton.fireActionPerformed(AbstractButton.java:2018)
	at com.intellij.openapi.actionSystem.impl.ActionMenuItem.fireActionPerformed(ActionMenuItem.java:105)
	at com.intellij.ui.plaf.beg.BegMenuItemUI.a(BegMenuItemUI.java:512)
	at com.intellij.ui.plaf.beg.BegMenuItemUI.access$300(BegMenuItemUI.java:44)
	at com.intellij.ui.plaf.beg.BegMenuItemUI$MyMouseInputHandler.mouseReleased(BegMenuItemUI.java:532)
	at java.awt.Component.processMouseEvent(Component.java:6516)
	at javax.swing.JComponent.processMouseEvent(JComponent.java:3321)
	at java.awt.Component.processEvent(Component.java:6281)
	at java.awt.Container.processEvent(Container.java:2229)
	at java.awt.Component.dispatchEventImpl(Component.java:4872)
	at java.awt.Container.dispatchEventImpl(Container.java:2287)
	at java.awt.Component.dispatchEvent(Component.java:4698)
	at java.awt.LightweightDispatcher.retargetMouseEvent(Container.java:4832)
	at java.awt.LightweightDispatcher.processMouseEvent(Container.java:4492)
	at java.awt.LightweightDispatcher.dispatchEvent(Container.java:4422)
	at java.awt.Container.dispatchEventImpl(Container.java:2273)
	at java.awt.Window.dispatchEventImpl(Window.java:2719)
	at java.awt.Component.dispatchEvent(Component.java:4698)
	at java.awt.EventQueue.dispatchEventImpl(EventQueue.java:740)
	at java.awt.EventQueue.access$300(EventQueue.java:103)
	at java.awt.EventQueue$3.run(EventQueue.java:699)
	at java.awt.EventQueue$3.run(EventQueue.java:697)
	at java.security.AccessController.doPrivileged(Native Method)
	at java.security.ProtectionDomain$1.doIntersectionPrivilege(ProtectionDomain.java:76)
	at java.security.ProtectionDomain$1.doIntersectionPrivilege(ProtectionDomain.java:87)
	at java.awt.EventQueue$4.run(EventQueue.java:713)
	at java.awt.EventQueue$4.run(EventQueue.java:711)
	at java.security.AccessController.doPrivileged(Native Method)
	at java.security.ProtectionDomain$1.doIntersectionPrivilege(ProtectionDomain.java:76)
	at java.awt.EventQueue.dispatchEvent(EventQueue.java:710)
	at com.intellij.ide.IdeEventQueue.e(IdeEventQueue.java:748)
	at com.intellij.ide.IdeEventQueue._dispatchEvent(IdeEventQueue.java:573)
	at com.intellij.ide.IdeEventQueue.dispatchEvent(IdeEventQueue.java:384)
	at java.awt.EventDispatchThread.pumpOneEventForFilters(EventDispatchThread.java:242)
	at java.awt.EventDispatchThread.pumpEventsForFilter(EventDispatchThread.java:161)
	at java.awt.EventDispatchThread.pumpEventsForHierarchy(EventDispatchThread.java:150)
	at java.awt.EventDispatchThread.pumpEvents(EventDispatchThread.java:146)
	at java.awt.EventDispatchThread.pumpEvents(EventDispatchThread.java:138)
	at java.awt.EventDispatchThread.run(EventDispatchThread.java:91)
[ 242387]  ERROR - api.util.objectTree.ObjectNode - IntelliJ IDEA 14.0.3  Build #IU-139.1117.1 
[ 242387]  ERROR - api.util.objectTree.ObjectNode - JDK: 1.7.0_75 
[ 242387]  ERROR - api.util.objectTree.ObjectNode - VM: Java HotSpot(TM) 64-Bit Server VM 
[ 242387]  ERROR - api.util.objectTree.ObjectNode - Vendor: Oracle Corporation 
[ 242387]  ERROR - api.util.objectTree.ObjectNode - OS: Linux 
[ 242387]  ERROR - api.util.objectTree.ObjectNode - Last Action: ShowSettings 
[ 242613]   WARN - api.vfs.impl.local.FileWatcher - Watcher terminated with exit code 0 
[  28498]   WARN - .ExternalResourceManagerExImpl - Cannot find standard resource. filename:/META-INF/tapestry_5_0_0.xsd class=class com.intellij.javaee.ResourceRegistrarImpl, classLoader:null 
[ 416877]   WARN - openapi.wm.impl.ToolWindowImpl - ToolWindow icons should be 13x13. Please fix ToolWindow (ID:  SBT) or icon jar:file:/home/mcampbell/.IntelliJIdea14/config/plugins/Scala/lib/scala-plugin.jar!/sbt.png 
Error Loading DDMS Preferences
[ 985109]   WARN - api.vfs.impl.local.FileWatcher - Watcher terminated with exit code 0 
[  19511]   WARN - .ExternalResourceManagerExImpl - Cannot find standard resource. filename:/META-INF/tapestry_5_0_0.xsd class=class com.intellij.javaee.ResourceRegistrarImpl, classLoader:null 
[  52346]   WARN - openapi.wm.impl.ToolWindowImpl - ToolWindow icons should be 13x13. Please fix ToolWindow (ID:  SBT) or icon jar:file:/home/mcampbell/.IntelliJIdea14/config/plugins/Scala/lib/scala-plugin.jar!/sbt.png 
[1297731]   WARN - openapi.wm.impl.ToolWindowImpl - ToolWindow icons should be 13x13. Please fix ToolWindow (ID:  SBT) or icon jar:file:/home/mcampbell/.IntelliJIdea14/config/plugins/Scala/lib/scala-plugin.jar!/sbt.png 
[1333559]   WARN - openapi.wm.impl.ToolWindowImpl - ToolWindow icons should be 13x13. Please fix ToolWindow (ID:  SBT) or icon jar:file:/home/mcampbell/.IntelliJIdea14/config/plugins/Scala/lib/scala-plugin.jar!/sbt.png 
[2249062]  ERROR - til.concurrency.QueueProcessor - org.jetbrains.plugins.scala.lang.psi.impl.ScalaFileImpl cannot be cast to com.intellij.psi.PsiJavaFile 
java.lang.ClassCastException: org.jetbrains.plugins.scala.lang.psi.impl.ScalaFileImpl cannot be cast to com.intellij.psi.PsiJavaFile
	at com.intellij.ide.highlighter.JavaClsStructureViewBuilderProvider.getStructureViewBuilder(JavaClsStructureViewBuilderProvider.java:60)
	at sun.reflect.GeneratedMethodAccessor816.invoke(Unknown Source)
	at sun.reflect.DelegatingMethodAccessorImpl.invoke(DelegatingMethodAccessorImpl.java:43)
	at java.lang.reflect.Method.invoke(Method.java:606)
	at com.intellij.openapi.util.KeyedExtensionFactory.getByKey(KeyedExtensionFactory.java:92)
	at com.intellij.openapi.util.KeyedExtensionFactory.access$000(KeyedExtensionFactory.java:33)
	at com.intellij.openapi.util.KeyedExtensionFactory$1.invoke(KeyedExtensionFactory.java:54)
	at com.sun.proxy.$Proxy115.getStructureViewBuilder(Unknown Source)
	at com.intellij.openapi.fileEditor.impl.text.TextEditorImpl.getStructureViewBuilder(TextEditorImpl.java:153)
	at com.intellij.ide.impl.StructureViewWrapperImpl.rebuild(StructureViewWrapperImpl.java:313)
	at com.intellij.ide.impl.StructureViewWrapperImpl$6.run(StructureViewWrapperImpl.java:253)
	at com.intellij.util.ui.update.MergingUpdateQueue.execute(MergingUpdateQueue.java:320)
	at com.intellij.util.ui.update.MergingUpdateQueue.execute(MergingUpdateQueue.java:310)
	at com.intellij.util.ui.update.MergingUpdateQueue$2.run(MergingUpdateQueue.java:254)
	at com.intellij.util.ui.UIUtil.invokeLaterIfNeeded(UIUtil.java:2108)
	at com.intellij.util.ui.update.MergingUpdateQueue.flush(MergingUpdateQueue.java:266)
	at com.intellij.util.ui.update.MergingUpdateQueue.flush(MergingUpdateQueue.java:227)
	at com.intellij.util.ui.update.MergingUpdateQueue.run(MergingUpdateQueue.java:217)
	at com.intellij.util.concurrency.QueueProcessor.runSafely(QueueProcessor.java:238)
	at com.intellij.util.Alarm$Request$1.run(Alarm.java:351)
	at com.intellij.openapi.application.impl.LaterInvocator$FlushQueue.run(LaterInvocator.java:318)
	at java.awt.event.InvocationEvent.dispatch(InvocationEvent.java:312)
	at java.awt.EventQueue.dispatchEventImpl(EventQueue.java:738)
	at java.awt.EventQueue.access$300(EventQueue.java:103)
	at java.awt.EventQueue$3.run(EventQueue.java:699)
	at java.awt.EventQueue$3.run(EventQueue.java:697)
	at java.security.AccessController.doPrivileged(Native Method)
	at java.security.ProtectionDomain$1.doIntersectionPrivilege(ProtectionDomain.java:76)
	at java.awt.EventQueue.dispatchEvent(EventQueue.java:708)
	at com.intellij.ide.IdeEventQueue.e(IdeEventQueue.java:748)
	at com.intellij.ide.IdeEventQueue._dispatchEvent(IdeEventQueue.java:577)
	at com.intellij.ide.IdeEventQueue.dispatchEvent(IdeEventQueue.java:384)
	at java.awt.EventDispatchThread.pumpOneEventForFilters(EventDispatchThread.java:242)
	at java.awt.EventDispatchThread.pumpEventsForFilter(EventDispatchThread.java:161)
	at java.awt.EventDispatchThread.pumpEventsForHierarchy(EventDispatchThread.java:150)
	at java.awt.EventDispatchThread.pumpEvents(EventDispatchThread.java:146)
	at java.awt.EventDispatchThread.pumpEvents(EventDispatchThread.java:138)
	at java.awt.EventDispatchThread.run(EventDispatchThread.java:91)
[2249097]  ERROR - til.concurrency.QueueProcessor - IntelliJ IDEA 14.0.3  Build #IU-139.1117.1 
[2249097]  ERROR - til.concurrency.QueueProcessor - JDK: 1.7.0_75 
[2249097]  ERROR - til.concurrency.QueueProcessor - VM: Java HotSpot(TM) 64-Bit Server VM 
[2249097]  ERROR - til.concurrency.QueueProcessor - Vendor: Oracle Corporation 
[2249097]  ERROR - til.concurrency.QueueProcessor - OS: Linux 
[2249097]  ERROR - til.concurrency.QueueProcessor - Last Action: GotoDeclaration 
[4224860]   WARN - api.vfs.impl.local.FileWatcher - Watcher terminated with exit code 0 
